#
# A fatal error has been detected by the Java Runtime Environment:
#
#  EXCEPTION_ACCESS_VIOLATION (0xc0000005) at pc=0x0000000000240000, pid=644, tid=5664
#
# JRE version: 7.0_17-b02
# Java VM: Java HotSpot(TM) 64-Bit Server VM (23.7-b01 mixed mode windows-amd64 compressed oops)
# Problematic frame:
# C  0x0000000000240000
#
# Failed to write core dump. Minidumps are not enabled by default on client versions of Windows
#
# If you would like to submit a bug report, please visit:
#   http://bugreport.sun.com/bugreport/crash.jsp
# The crash happened outside the Java Virtual Machine in native code.
# See problematic frame for where to report the bug.
#

---------------  T H R E A D  ---------------

Current thread (0x000000001a774800):  JavaThread "Swing-Shell" daemon [_thread_in_native, id=5664, stack(0x000000002f650000,0x000000002f950000)]

siginfo: ExceptionCode=0xc0000005, ExceptionInformation=0x0000000000000008 0x0000000000240000

Registers:
RAX=0x0000000000240000, RBX=0x000000001942aec0, RCX=0x000000002cdf0080, RDX=0x0000000000000000
RSP=0x000000002f94f0c8, RBP=0x0000000000000000, RSI=0x0000000000000140, RDI=0x000000001942b008
R8 =0x0000000000000000, R9 =0x0000000000000000, R10=0x00007fff28030d70, R11=0x000000002fd8b610
R12=0x0000000000240000, R13=0x0000000000000001, R14=0x0000000000000000, R15=0x000000001942aef0
RIP=0x0000000000240000, EFLAGS=0x0000000000010246

Top of Stack: (sp=0x000000002f94f0c8)
0x000000002f94f0c8:   00007fff1c84141c 000000001942b080
0x000000002f94f0d8:   00007fff27f63bd4 0000000000000000
0x000000002f94f0e8:   0000000000000000 0000000000000000
0x000000002f94f0f8:   000000002e951480 000000002f94f440
0x000000002f94f108:   00007fff1c856fda 000000001942b060
0x000000002f94f118:   000000002f94f3b8 0000000000000000
0x000000002f94f128:   000000001942ae40 000000001942ae40
0x000000002f94f138:   0000000000000000 0000000000000001
0x000000002f94f148:   00007fff1c83fcf4 000000002ab904e0
0x000000002f94f158:   000000002f94f178 0000000000000002
0x000000002f94f168:   00007fff1c857aa8 0000000000000000
0x000000002f94f178:   00007fff1c83faa0 0000000000000000
0x000000002f94f188:   0000000000000000 0000000000000040
0x000000002f94f198:   000000000a9172b1 000000001942ae40
0x000000002f94f1a8:   00007fff1a721882 000000002ab904e0
0x000000002f94f1b8:   000000000a91705d 000000001a740020 

Instructions: (pc=0x0000000000240000)
0x000000000023ffe0:   
[error occurred during error reporting (printing registers, top of stack, instructions near pc), id 0xc0000005]

Register to memory mapping:

RAX=0x0000000000240000 is an unknown value
RBX=0x000000001942aec0 is an unknown value
RCX=0x000000002cdf0080 is an unknown value
RDX=0x0000000000000000 is an unknown value
RSP=0x000000002f94f0c8 is pointing into the stack for thread: 0x000000001a774800
RBP=0x0000000000000000 is an unknown value
RSI=0x0000000000000140 is an unknown value
RDI=0x000000001942b008 is an unknown value
R8 =0x0000000000000000 is an unknown value
R9 =0x0000000000000000 is an unknown value
R10=0x00007fff28030d70 is an unknown value
R11=0x000000002fd8b610 is an unknown value
R12=0x0000000000240000 is an unknown value
R13=0x0000000000000001 is an unknown value
R14=0x0000000000000000 is an unknown value
R15=0x000000001942aef0 is an unknown value


Stack: [0x000000002f650000,0x000000002f950000],  sp=0x000000002f94f0c8,  free space=3068k
Native frames: (J=compiled Java code, j=interpreted, Vv=VM code, C=native code)
C  0x0000000000240000

[error occurred during error reporting (printing native stack), id 0xc0000005]

Java frames: (J=compiled Java code, j=interpreted, Vv=VM code)
j  sun.awt.shell.Win32ShellFolder2.getNextChild(J)J+0
j  sun.awt.shell.Win32ShellFolder2.access$1100(Lsun/awt/shell/Win32ShellFolder2;J)J+2
j  sun.awt.shell.Win32ShellFolder2$9.call()[Ljava/io/File;+94
j  sun.awt.shell.Win32ShellFolder2$9.call()Ljava/lang/Object;+1
j  java.util.concurrent.FutureTask$Sync.innerRun()V+29
j  java.util.concurrent.FutureTask.run()V+4
j  java.util.concurrent.ThreadPoolExecutor.runWorker(Ljava/util/concurrent/ThreadPoolExecutor$Worker;)V+95
j  java.util.concurrent.ThreadPoolExecutor$Worker.run()V+5
j  sun.awt.shell.Win32ShellFolderManager2$ComInvoker$3.run()V+7
j  java.lang.Thread.run()V+11
v  ~StubRoutines::call_stub

---------------  P R O C E S S  ---------------

Java Threads: ( => current thread )
=>0x000000001a774800 JavaThread "Swing-Shell" daemon [_thread_in_native, id=5664, stack(0x000000002f650000,0x000000002f950000)]
  0x000000002eda0800 JavaThread "HFileChooser Load File/Folder Choosers Thread" [_thread_blocked, id=5712, stack(0x000000002f340000,0x000000002f640000)]
  0x000000002edad000 JavaThread "Monitor File Timestamp" [_thread_blocked, id=5968, stack(0x000000002f040000,0x000000002f340000)]
  0x000000002af09800 JavaThread "Image Fetcher 3" daemon [_thread_blocked, id=5680, stack(0x000000002ce40000,0x000000002d140000)]
  0x000000002af0a800 JavaThread "Image Fetcher 2" daemon [_thread_blocked, id=4112, stack(0x000000002ca40000,0x000000002cd40000)]
  0x000000002aebf800 JavaThread "Image Fetcher 1" daemon [_thread_blocked, id=192, stack(0x000000002be30000,0x000000002c130000)]
  0x000000002a2e1800 JavaThread "Image Fetcher 0" daemon [_thread_blocked, id=6100, stack(0x000000002a330000,0x000000002a630000)]
  0x000000001a613800 JavaThread "AWT-EventQueue-1" [_thread_in_native, id=2392, stack(0x000000002b730000,0x000000002ba30000)]
  0x000000001a614800 JavaThread "Process Messages" [_thread_blocked, id=5368, stack(0x000000002b430000,0x000000002b730000)]
  0x000000001a619800 JavaThread "Thread-3" [_thread_blocked, id=5592, stack(0x0000000003f00000,0x0000000005300000)]
  0x000000002ad97000 JavaThread "AWT-EventQueue-0" [_thread_blocked, id=5452, stack(0x000000002b130000,0x000000002b430000)]
  0x0000000028f75800 JavaThread "AWT-Windows" daemon [_thread_in_native, id=696, stack(0x0000000029c30000,0x0000000029f30000)]
  0x0000000028f76000 JavaThread "AWT-Shutdown" [_thread_blocked, id=2528, stack(0x0000000029930000,0x0000000029c30000)]
  0x00000000290f4000 JavaThread "Java2D Disposer" daemon [_thread_blocked, id=5588, stack(0x0000000029630000,0x0000000029930000)]
  0x00000000290f9000 JavaThread "TimerQueue" daemon [_thread_blocked, id=2216, stack(0x0000000029330000,0x0000000029630000)]
  0x000000001a7f1800 JavaThread "Service Thread" daemon [_thread_blocked, id=5564, stack(0x0000000027920000,0x0000000027c20000)]
  0x000000001a7e1800 JavaThread "C1 CompilerThread2" daemon [_thread_blocked, id=1784, stack(0x0000000027720000,0x0000000027820000)]
  0x000000001a7d1800 JavaThread "C2 CompilerThread1" daemon [_thread_blocked, id=5448, stack(0x0000000027620000,0x0000000027720000)]
  0x000000001a7c1800 JavaThread "C2 CompilerThread0" daemon [_thread_blocked, id=5624, stack(0x0000000027520000,0x0000000027620000)]
  0x000000001a7b1800 JavaThread "Attach Listener" daemon [_thread_blocked, id=2532, stack(0x0000000027220000,0x0000000027520000)]
  0x0000000026371800 JavaThread "Signal Dispatcher" daemon [_thread_blocked, id=5300, stack(0x0000000026f20000,0x0000000027220000)]
  0x0000000026b42000 JavaThread "Surrogate Locker Thread (Concurrent GC)" daemon [_thread_blocked, id=5456, stack(0x0000000026c20000,0x0000000026f20000)]
  0x00000000217e5800 JavaThread "Finalizer" daemon [_thread_blocked, id=5760, stack(0x0000000026800000,0x0000000026b00000)]
  0x00000000217e7000 JavaThread "Reference Handler" daemon [_thread_blocked, id=3596, stack(0x0000000026500000,0x0000000026800000)]
  0x000000001a65b000 JavaThread "main" [_thread_blocked, id=5976, stack(0x000000001a820000,0x000000001a920000)]

Other Threads:
  0x0000000021772000 VMThread [stack: 0x0000000026400000,0x0000000026500000] [id=4496]
  0x0000000026b77800 WatcherThread [stack: 0x0000000027c20000,0x0000000027d20000] [id=5252]

VM state:not at safepoint (normal execution)

VM Mutex/Monitor currently owned by a thread: None

Heap
 par new generation   total 55296K, used 30061K [0x0000000778000000, 0x000000077bc00000, 0x000000077bc00000)
  eden space 49152K,  48% used [0x0000000778000000, 0x000000077975b7f0, 0x000000077b000000)
  from space 6144K, 100% used [0x000000077b000000, 0x000000077b600000, 0x000000077b600000)
  to   space 6144K,   0% used [0x000000077b600000, 0x000000077b600000, 0x000000077bc00000)
 concurrent mark-sweep generation total 69632K, used 10887K [0x000000077bc00000, 0x0000000780000000, 0x00000007f8000000)
 concurrent-mark-sweep perm gen total 131072K, used 28977K [0x00000007f8000000, 0x0000000800000000, 0x0000000800000000)

Card table byte_map: [0x0000000020ec0000,0x0000000021310000] byte_map_base: 0x000000001d300000

Polling page: 0x000000001a920000

Code Cache  [0x000000001a940000, 0x000000001b090000, 0x0000000020940000)
 total_blobs=2567 nmethods=1958 adapters=524 free_code_cache=90975Kb largest_free_block=92999488

Compilation events (10 events):
Event: 12.471 Thread 0x000000001a7e1800 2222       3       java.nio.DirectByteBuffer::isReadOnly (2 bytes)
Event: 12.471 Thread 0x000000001a7e1800 nmethod 2222 0x000000001b019350 code [0x000000001b0194a0, 0x000000001b019630]
Event: 12.492 Thread 0x000000001a7e1800 2223       3       java.util.concurrent.locks.AbstractQueuedSynchronizer::releaseShared (16 bytes)
Event: 12.492 Thread 0x000000001a7e1800 nmethod 2223 0x000000001b019690 code [0x000000001b019800, 0x000000001b019ad8]
Event: 12.493 Thread 0x000000001a7e1800 2224       1       java.util.concurrent.locks.AbstractQueuedSynchronizer::compareAndSetState (13 bytes)
Event: 12.493 Thread 0x000000001a7e1800 nmethod 2224 0x000000001aff2cd0 code [0x000000001aff2e20, 0x000000001aff2f90]
Event: 12.495 Thread 0x000000001a7d1800 2225       4       java.awt.Component::isValid (20 bytes)
Event: 12.496 Thread 0x000000001a7d1800 nmethod 2225 0x000000001af73590 code [0x000000001af736c0, 0x000000001af73738]
Event: 12.507 Thread 0x000000001a7e1800 2226       3       sun.util.locale.LocaleUtils::toLower (17 bytes)
Event: 12.508 Thread 0x000000001a7e1800 nmethod 2226 0x000000001b01c350 code [0x000000001b01c4c0, 0x000000001b01c770]

GC Heap History (4 events):
Event: 6.189 GC heap before
{Heap before GC invocations=0 (full 0):
 par new generation   total 55296K, used 49152K [0x0000000778000000, 0x000000077bc00000, 0x000000077bc00000)
  eden space 49152K, 100% used [0x0000000778000000, 0x000000077b000000, 0x000000077b000000)
  from space 6144K,   0% used [0x000000077b000000, 0x000000077b000000, 0x000000077b600000)
  to   space 6144K,   0% used [0x000000077b600000, 0x000000077b600000, 0x000000077bc00000)
 concurrent mark-sweep generation total 69632K, used 0K [0x000000077bc00000, 0x0000000780000000, 0x00000007f8000000)
 concurrent-mark-sweep perm gen total 131072K, used 13180K [0x00000007f8000000, 0x0000000800000000, 0x0000000800000000)
Event: 6.201 GC heap after
Heap after GC invocations=1 (full 0):
 par new generation   total 55296K, used 6143K [0x0000000778000000, 0x000000077bc00000, 0x000000077bc00000)
  eden space 49152K,   0% used [0x0000000778000000, 0x0000000778000000, 0x000000077b000000)
  from space 6144K,  99% used [0x000000077b600000, 0x000000077bbffff8, 0x000000077bc00000)
  to   space 6144K,   0% used [0x000000077b000000, 0x000000077b000000, 0x000000077b600000)
 concurrent mark-sweep generation total 69632K, used 693K [0x000000077bc00000, 0x0000000780000000, 0x00000007f8000000)
 concurrent-mark-sweep perm gen total 131072K, used 13180K [0x00000007f8000000, 0x0000000800000000, 0x0000000800000000)
}
Event: 10.484 GC heap before
{Heap before GC invocations=1 (full 0):
 par new generation   total 55296K, used 55295K [0x0000000778000000, 0x000000077bc00000, 0x000000077bc00000)
  eden space 49152K, 100% used [0x0000000778000000, 0x000000077b000000, 0x000000077b000000)
  from space 6144K,  99% used [0x000000077b600000, 0x000000077bbffff8, 0x000000077bc00000)
  to   space 6144K,   0% used [0x000000077b000000, 0x000000077b000000, 0x000000077b600000)
 concurrent mark-sweep generation total 69632K, used 693K [0x000000077bc00000, 0x0000000780000000, 0x00000007f8000000)
 concurrent-mark-sweep perm gen total 131072K, used 22937K [0x00000007f8000000, 0x0000000800000000, 0x0000000800000000)
Event: 10.536 GC heap after
Heap after GC invocations=2 (full 0):
 par new generation   total 55296K, used 6144K [0x0000000778000000, 0x000000077bc00000, 0x000000077bc00000)
  eden space 49152K,   0% used [0x0000000778000000, 0x0000000778000000, 0x000000077b000000)
  from space 6144K, 100% used [0x000000077b000000, 0x000000077b600000, 0x000000077b600000)
  to   space 6144K,   0% used [0x000000077b600000, 0x000000077b600000, 0x000000077bc00000)
 concurrent mark-sweep generation total 69632K, used 10887K [0x000000077bc00000, 0x0000000780000000, 0x00000007f8000000)
 concurrent-mark-sweep perm gen total 131072K, used 22937K [0x00000007f8000000, 0x0000000800000000, 0x0000000800000000)
}

Deoptimization events (10 events):
Event: 11.318 Thread 0x000000002eda0800 Uncommon trap -58 fr.pc 0x000000001ad78914
Event: 11.340 Thread 0x000000002eda0800 Uncommon trap -58 fr.pc 0x000000001ad78914
Event: 11.341 Thread 0x000000002eda0800 Uncommon trap -58 fr.pc 0x000000001ad78914
Event: 11.349 Thread 0x000000002eda0800 Uncommon trap -58 fr.pc 0x000000001ad78914
Event: 11.590 Thread 0x000000002eda0800 Uncommon trap 668 fr.pc 0x000000001ae82bd4
Event: 11.888 Thread 0x000000001a613800 Uncommon trap -83 fr.pc 0x000000001aa8ac08
Event: 11.899 Thread 0x000000002eda0800 Uncommon trap -34 fr.pc 0x000000001abc72f0
Event: 11.994 Thread 0x000000002eda0800 Uncommon trap -34 fr.pc 0x000000001abc72f0
Event: 12.070 Thread 0x000000002eda0800 Uncommon trap -34 fr.pc 0x000000001abc72f0
Event: 12.304 Thread 0x000000001a613800 Uncommon trap -83 fr.pc 0x000000001afd8a00

Internal exceptions (10 events):
Event: 12.328 Thread 0x000000001a613800 Threw 0x000000077941e6f0 at C:\jdk7u2_64p\jdk7u17\hotspot\src\share\vm\prims\jvm.cpp:1166
Event: 12.328 Thread 0x000000001a613800 Threw 0x0000000779420688 at C:\jdk7u2_64p\jdk7u17\hotspot\src\share\vm\prims\jvm.cpp:1166
Event: 12.329 Thread 0x000000001a613800 Threw 0x0000000779425948 at C:\jdk7u2_64p\jdk7u17\hotspot\src\share\vm\prims\jvm.cpp:1166
Event: 12.329 Thread 0x000000001a613800 Threw 0x0000000779428150 at C:\jdk7u2_64p\jdk7u17\hotspot\src\share\vm\prims\jvm.cpp:1166
Event: 12.330 Thread 0x000000001a613800 Threw 0x000000077942d328 at C:\jdk7u2_64p\jdk7u17\hotspot\src\share\vm\prims\jvm.cpp:1166
Event: 12.453 Thread 0x000000001a613800 Threw 0x00000007794400b8 at C:\jdk7u2_64p\jdk7u17\hotspot\src\share\vm\prims\jvm.cpp:1166
Event: 12.455 Thread 0x000000001a613800 Threw 0x00000007794454b0 at C:\jdk7u2_64p\jdk7u17\hotspot\src\share\vm\prims\jvm.cpp:1166
Event: 12.456 Thread 0x000000001a613800 Threw 0x0000000779448280 at C:\jdk7u2_64p\jdk7u17\hotspot\src\share\vm\prims\jvm.cpp:1166
Event: 12.492 Thread 0x000000001a613800 Threw 0x00000007794a0b10 at C:\jdk7u2_64p\jdk7u17\hotspot\src\share\vm\prims\jvm.cpp:1166
Event: 12.495 Thread 0x000000001a613800 Threw 0x00000007794a7d68 at C:\jdk7u2_64p\jdk7u17\hotspot\src\share\vm\prims\jvm.cpp:1166

Events (10 events):
Event: 12.499 loading class 0x000000002e860c50 done
Event: 12.499 loading class 0x000000002e860e00 done
Event: 12.499 loading class 0x0000000029191c70 done
Event: 12.499 loading class 0x0000000026b357e0
Event: 12.507 loading class 0x0000000026b357e0 done
Event: 12.508 loading class 0x000000002e8614c0
Event: 12.508 loading class 0x000000002e8614c0 done
Event: 12.508 loading class 0x000000002e8614f0
Event: 12.508 loading class 0x000000002e8614f0 done
Event: 12.508 loading class 0x000000001a69b680


Dynamic libraries:
0x0000000140000000 - 0x000000014000e000 	C:\Xilinx\14.7\ISE_DS\PlanAhead\bin\unwrapped\win64.o\planAhead.exe
0x00007fff27f00000 - 0x00007fff280aa000 	C:\Windows\SYSTEM32\ntdll.dll
0x00007fff25780000 - 0x00007fff258ba000 	C:\Windows\system32\KERNEL32.DLL
0x00007fff25670000 - 0x00007fff2577f000 	C:\Windows\system32\KERNELBASE.dll
0x00007fff23b10000 - 0x00007fff23b98000 	C:\Windows\system32\apphelp.dll
0x00007fff0cfd0000 - 0x00007fff0d44f000 	C:\Windows\AppPatch\AppPatch64\AcLayers.DLL
0x00007fff272d0000 - 0x00007fff27377000 	C:\Windows\system32\msvcrt.dll
0x00007fff27620000 - 0x00007fff27791000 	C:\Windows\system32\USER32.dll
0x00007fff27e00000 - 0x00007fff27e51000 	C:\Windows\system32\SHLWAPI.dll
0x00007fff213a0000 - 0x00007fff213a3000 	C:\Windows\SYSTEM32\sfc.dll
0x00007fff21c90000 - 0x00007fff21d0b000 	C:\Windows\SYSTEM32\WINSPOOL.DRV
0x00007fff27a30000 - 0x00007fff27b75000 	C:\Windows\system32\GDI32.dll
0x00007fff273e0000 - 0x00007fff275b6000 	C:\Windows\SYSTEM32\combase.dll
0x00007fff27ba0000 - 0x00007fff27cd6000 	C:\Windows\system32\RPCRT4.dll
0x00007fff1afe0000 - 0x00007fff1aff0000 	C:\Windows\SYSTEM32\sfc_os.DLL
0x00007fff21340000 - 0x00007fff21351000 	C:\Windows\SYSTEM32\SortWindows61.dll
0x00007fff275d0000 - 0x00007fff27604000 	C:\Windows\system32\IMM32.DLL
0x00007fff25ac0000 - 0x00007fff25bf9000 	C:\Windows\system32\MSCTF.dll
0x00007fff25220000 - 0x00007fff25252000 	C:\Windows\system32\nvinitx.dll
0x00007fff277a0000 - 0x00007fff27845000 	C:\Windows\system32\ADVAPI32.dll
0x00007fff258c0000 - 0x00007fff25917000 	C:\Windows\SYSTEM32\sechost.dll
0x000000000f000000 - 0x000000000f006000 	C:\Program Files\NVIDIA Corporation\CoProcManager\_etoured.dll
0x00007fff22410000 - 0x00007fff22443000 	C:\Program Files\NVIDIA Corporation\CoProcManager\nvd3d9wrapx.dll
0x00007fff25c00000 - 0x00007fff25dd4000 	C:\Windows\system32\SETUPAPI.dll
0x00007fff25620000 - 0x00007fff2566a000 	C:\Windows\system32\CFGMGR32.dll
0x00007fff223e0000 - 0x00007fff22403000 	C:\Program Files\NVIDIA Corporation\CoProcManager\nvdxgiwrapx.dll
0x000000000a900000 - 0x000000000a945000 	C:\Xilinx\14.7\ISE_DS\PlanAhead\lib\win64.o\SHSMP64.dll
0x0000000180000000 - 0x0000000180013000 	C:\Xilinx\14.7\ISE_DS\PlanAhead\lib\win64.o\libboost_signals.dll
0x0000000002100000 - 0x0000000002981000 	C:\Xilinx\14.7\ISE_DS\PlanAhead\lib\win64.o\librdi_common.dll
0x0000000000350000 - 0x0000000000366000 	C:\Xilinx\14.7\ISE_DS\PlanAhead\lib\win64.o\librdi_commonmain.dll
0x0000000002990000 - 0x0000000002a7e000 	C:\Xilinx\14.7\ISE_DS\PlanAhead\lib\win64.o\stlport.5.2.dll
0x00000000622a0000 - 0x0000000062343000 	C:\Windows\WinSxS\amd64_microsoft.vc90.crt_1fc8b3b9a1e18e3b_9.0.30729.8387_none_08e793bfa83a89b5\MSVCR90.dll
0x00007fff22880000 - 0x00007fff2288a000 	C:\Windows\SYSTEM32\VERSION.dll
0x0000000002a80000 - 0x0000000002d69000 	C:\Xilinx\14.7\ISE_DS\PlanAhead\lib\win64.o\libCOIN-all.dll
0x0000000002d70000 - 0x0000000002faa000 	C:\Xilinx\14.7\ISE_DS\PlanAhead\lib\win64.o\libSecurity.dll
0x0000000000390000 - 0x000000000039f000 	C:\Xilinx\14.7\ISE_DS\PlanAhead\lib\win64.o\libboost_date_time.dll
0x00000000003a0000 - 0x00000000003c7000 	C:\Xilinx\14.7\ISE_DS\PlanAhead\lib\win64.o\libboost_filesystem.dll
0x0000000002fb0000 - 0x0000000003021000 	C:\Xilinx\14.7\ISE_DS\PlanAhead\lib\win64.o\libboost_program_options.dll
0x0000000003030000 - 0x00000000030df000 	C:\Xilinx\14.7\ISE_DS\PlanAhead\lib\win64.o\libboost_regex.dll
0x00000000003d0000 - 0x00000000003d9000 	C:\Xilinx\14.7\ISE_DS\PlanAhead\lib\win64.o\libboost_system.dll
0x00000000003e0000 - 0x00000000003f6000 	C:\Xilinx\14.7\ISE_DS\PlanAhead\lib\win64.o\libboost_thread.dll
0x00000000030e0000 - 0x0000000003123000 	C:\Xilinx\14.7\ISE_DS\PlanAhead\lib\win64.o\libcurl.dll
0x0000000003130000 - 0x00000000031b3000 	C:\Xilinx\14.7\ISE_DS\PlanAhead\lib\win64.o\libhdlpsolve.dll
0x00000000031c0000 - 0x0000000003277000 	C:\Xilinx\14.7\ISE_DS\PlanAhead\lib\win64.o\libhdxml.dll
0x0000000003280000 - 0x00000000037c30d3 	C:\Xilinx\14.7\ISE_DS\PlanAhead\lib\win64.o\libisl_iostreams.dll
0x00000000037d0000 - 0x00000000037f9000 	C:\Xilinx\14.7\ISE_DS\PlanAhead\lib\win64.o\libisl_sysinfo.dll
0x0000000061630000 - 0x0000000061d4f000 	C:\Xilinx\14.7\ISE_DS\PlanAhead\tps\win64\jre\bin\server\jvm.dll
0x0000000000400000 - 0x0000000000412000 	C:\Xilinx\14.7\ISE_DS\PlanAhead\lib\win64.o\pthreadVC.dll
0x0000000003800000 - 0x0000000003816000 	C:\Xilinx\14.7\ISE_DS\PlanAhead\lib\win64.o\librdiconfig.dll
0x0000000003820000 - 0x000000000383e000 	C:\Xilinx\14.7\ISE_DS\PlanAhead\lib\win64.o\librdizlib.dll
0x0000000010000000 - 0x000000001012a000 	C:\Xilinx\14.7\ISE_DS\PlanAhead\lib\win64.o\tcl85t.dll
0x0000000012000000 - 0x0000000012282000 	C:\Xilinx\14.7\ISE_DS\PlanAhead\lib\win64.o\xerces-c_3_1.dll
0x00007fff25e90000 - 0x00007fff25e97000 	C:\Windows\system32\PSAPI.DLL
0x00007fff1d2c0000 - 0x00007fff1d4f0000 	C:\Windows\SYSTEM32\WININET.dll
0x00007fff1db20000 - 0x00007fff1dbe5000 	C:\Windows\SYSTEM32\WINHTTP.dll
0x00007fff1e3f0000 - 0x00007fff1e550000 	C:\Windows\SYSTEM32\urlmon.dll
0x00007fff21390000 - 0x00007fff21399000 	C:\Windows\SYSTEM32\WSOCK32.dll
0x00000000621c0000 - 0x0000000062293000 	C:\Windows\WinSxS\amd64_microsoft.vc90.crt_1fc8b3b9a1e18e3b_9.0.30729.8387_none_08e793bfa83a89b5\MSVCP90.dll
0x00007fff25eb0000 - 0x00007fff272c7000 	C:\Windows\system32\SHELL32.dll
0x00007fff22ed0000 - 0x00007fff22ee5000 	C:\Windows\SYSTEM32\NETAPI32.dll
0x00007fff27e60000 - 0x00007fff27efa000 	C:\Windows\system32\COMDLG32.dll
0x0000000003880000 - 0x0000000003921000 	C:\Windows\WinSxS\amd64_microsoft.windows.common-controls_6595b64144ccf1df_5.82.9600.16384_none_34a8918f959016ea\COMCTL32.dll
0x00007fff27ce0000 - 0x00007fff27d97000 	C:\Windows\system32\OLEAUT32.dll
0x00007fff27850000 - 0x00007fff279c8000 	C:\Windows\system32\ole32.dll
0x00007fff25340000 - 0x00007fff2538c000 	C:\Windows\system32\WINTRUST.dll
0x00007fff25390000 - 0x00007fff25567000 	C:\Windows\system32\CRYPT32.dll
0x0000000003990000 - 0x000000000399c000 	C:\Xilinx\14.7\ISE_DS\PlanAhead\lib\win64.o\libboost_chrono.dll
0x00007fff27da0000 - 0x00007fff27df8000 	C:\Windows\system32\WS2_32.dll
0x00007fff27380000 - 0x00007fff273da000 	C:\Windows\system32\WLDAP32.dll
0x00000000039d0000 - 0x00000000039e9000 	C:\Xilinx\14.7\ISE_DS\PlanAhead\lib\win64.o\libboost_iostreams.dll
0x00007fff22860000 - 0x00007fff2287f000 	C:\Windows\SYSTEM32\WINMM.dll
0x0000000061550000 - 0x0000000061621000 	C:\Windows\SYSTEM32\MSVCR100.dll
0x00007fff1d4f0000 - 0x00007fff1d799000 	C:\Windows\SYSTEM32\iertutil.dll
0x00007fff24840000 - 0x00007fff2485e000 	C:\Windows\SYSTEM32\USERENV.dll
0x00007fff244e0000 - 0x00007fff244ec000 	C:\Windows\SYSTEM32\netutils.dll
0x00007fff24ea0000 - 0x00007fff24ec5000 	C:\Windows\SYSTEM32\srvcli.dll
0x00007fff22e90000 - 0x00007fff22ea6000 	C:\Windows\SYSTEM32\wkscli.dll
0x00007fff25320000 - 0x00007fff25332000 	C:\Windows\system32\MSASN1.dll
0x00007fff25ea0000 - 0x00007fff25ea9000 	C:\Windows\system32\NSI.dll
0x00007fff22820000 - 0x00007fff2284a000 	C:\Windows\SYSTEM32\WINMMBASE.dll
0x00007fff25270000 - 0x00007fff25284000 	C:\Windows\SYSTEM32\profapi.dll
0x00007fff23e30000 - 0x00007fff23ecf000 	C:\Windows\SYSTEM32\SHCORE.DLL
0x00007fff240c0000 - 0x00007fff240e6000 	C:\Windows\SYSTEM32\DEVOBJ.dll
0x0000000005300000 - 0x00000000055f3000 	C:\Xilinx\14.7\ISE_DS\PlanAhead\lib\win64.o\librdi_commontasks.dll
0x00007fff23ee0000 - 0x00007fff24001000 	C:\Windows\system32\uxtheme.dll
0x0000000005ec0000 - 0x0000000006500000 	C:\Xilinx\14.7\ISE_DS\PlanAhead\lib\win64.o\librdi_coretasks.dll
0x0000000006500000 - 0x00000000066c7000 	C:\Xilinx\14.7\ISE_DS\PlanAhead\lib\win64.o\librdi_chipscope.dll
0x00000000066d0000 - 0x00000000076f0000 	C:\Xilinx\14.7\ISE_DS\PlanAhead\lib\win64.o\librdi_constraints.dll
0x00000000076f0000 - 0x00000000089bc000 	C:\Xilinx\14.7\ISE_DS\PlanAhead\lib\win64.o\librdi_coregen.dll
0x000000000a950000 - 0x000000000dfa1000 	C:\Xilinx\14.7\ISE_DS\PlanAhead\lib\win64.o\librdi_designutils.dll
0x00000000089c0000 - 0x000000000959a000 	C:\Xilinx\14.7\ISE_DS\PlanAhead\lib\win64.o\librdi_device.dll
0x00000000095a0000 - 0x00000000098b4000 	C:\Xilinx\14.7\ISE_DS\PlanAhead\lib\win64.o\librdi_drc.dll
0x00000000098c0000 - 0x0000000009b4e000 	C:\Xilinx\14.7\ISE_DS\PlanAhead\lib\win64.o\librdi_filemgmt.dll
0x0000000009b50000 - 0x0000000009f26000 	C:\Xilinx\14.7\ISE_DS\PlanAhead\lib\win64.o\librdi_netlist.dll
0x0000000010130000 - 0x0000000011253000 	C:\Xilinx\14.7\ISE_DS\PlanAhead\lib\win64.o\librdi_place.dll
0x0000000009f30000 - 0x000000000a452000 	C:\Xilinx\14.7\ISE_DS\PlanAhead\lib\win64.o\librdi_power.dll
0x000000000a460000 - 0x000000000a813000 	C:\Xilinx\14.7\ISE_DS\PlanAhead\lib\win64.o\librdi_project.dll
0x000000000dfb0000 - 0x000000000e54d000 	C:\Xilinx\14.7\ISE_DS\PlanAhead\lib\win64.o\librdi_rsb.dll
0x000000000e550000 - 0x000000000e948000 	C:\Xilinx\14.7\ISE_DS\PlanAhead\lib\win64.o\librdi_runs.dll
0x000000000f010000 - 0x000000000fae8000 	C:\Xilinx\14.7\ISE_DS\PlanAhead\lib\win64.o\librdi_timing.dll
0x0000000003d50000 - 0x0000000003dbe000 	C:\Xilinx\14.7\ISE_DS\PlanAhead\lib\win64.o\liblmx6.0.dll
0x0000000003dd0000 - 0x0000000003dd8000 	C:\Xilinx\14.7\ISE_DS\PlanAhead\lib\win64.o\libpsta_dllwrapper.dll
0x0000000011260000 - 0x0000000011a2f000 	C:\Xilinx\14.7\ISE_DS\PlanAhead\lib\win64.o\librdi_coregenipxact.dll
0x0000000012290000 - 0x0000000012a30000 	C:\Xilinx\14.7\ISE_DS\PlanAhead\lib\win64.o\libverific.dll
0x0000000005d10000 - 0x0000000005d8d000 	C:\Xilinx\14.7\ISE_DS\PlanAhead\lib\win64.o\libboost_serialization.dll
0x000000000e950000 - 0x000000000ee94000 	C:\Xilinx\14.7\ISE_DS\PlanAhead\lib\win64.o\librdi_xdm.dll
0x000000000a850000 - 0x000000000a8e0000 	C:\Xilinx\14.7\ISE_DS\PlanAhead\lib\win64.o\libise.dll
0x0000000012a30000 - 0x000000001300c000 	C:\Xilinx\14.7\ISE_DS\PlanAhead\lib\win64.o\librdi_abc_nomp.dll
0x000000000eea0000 - 0x000000000efc8000 	C:\Xilinx\14.7\ISE_DS\PlanAhead\lib\win64.o\librdi_dlyest.dll
0x000000000a8e0000 - 0x000000000a8fa000 	C:\Xilinx\14.7\ISE_DS\PlanAhead\lib\win64.o\librdi_hmetis.dll
0x00000000621a0000 - 0x00000000621b1000 	C:\Windows\WinSxS\amd64_microsoft.vc90.openmp_1fc8b3b9a1e18e3b_9.0.30729.6161_none_390d35aa0a1f21f9\VCOMP90.DLL
0x0000000013010000 - 0x00000000135fe000 	C:\Xilinx\14.7\ISE_DS\PlanAhead\lib\win64.o\librdi_route.dll
0x000000000faf0000 - 0x000000000fd1a000 	C:\Xilinx\14.7\ISE_DS\PlanAhead\lib\win64.o\librdi_labtools.dll
0x0000000011a30000 - 0x0000000011f6b000 	C:\Xilinx\14.7\ISE_DS\PlanAhead\lib\win64.o\librdi_memdata.dll
0x0000000013600000 - 0x0000000014d2f000 	C:\Xilinx\14.7\ISE_DS\PlanAhead\lib\win64.o\librdi_synth.dll
0x0000000014d30000 - 0x000000001516e000 	C:\Xilinx\14.7\ISE_DS\PlanAhead\lib\win64.o\librdi_ip.dll
0x000000000fe00000 - 0x000000000fe3d000 	C:\Xilinx\14.7\ISE_DS\PlanAhead\lib\win64.o\librdi_simbridge_kernel.dll
0x0000000015170000 - 0x00000000155e6000 	C:\Xilinx\14.7\ISE_DS\PlanAhead\lib\win64.o\librdi_wavedata.dll
0x0000000016af0000 - 0x0000000018ba8000 	C:\Xilinx\14.7\ISE_DS\PlanAhead\lib\win64.o\librdi_tcltasks.dll
0x0000000018bb0000 - 0x0000000018e24000 	C:\Xilinx\14.7\ISE_DS\PlanAhead\lib\win64.o\librdi_bitstream.dll
0x0000000018e30000 - 0x0000000018f04000 	C:\Xilinx\14.7\ISE_DS\PlanAhead\lib\win64.o\librdi_dsp.dll
0x0000000011f80000 - 0x0000000011fee000 	C:\Xilinx\14.7\ISE_DS\PlanAhead\lib\win64.o\librdi_edk.dll
0x0000000018f10000 - 0x000000001911e000 	C:\Xilinx\14.7\ISE_DS\PlanAhead\lib\win64.o\librdi_simdata.dll
0x0000000019550000 - 0x00000000196a6000 	C:\Xilinx\14.7\ISE_DS\PlanAhead\lib\win64.o\librdi_planaheadtasks.dll
0x00000000196c0000 - 0x000000001a508000 	C:\Xilinx\14.7\ISE_DS\PlanAhead\lib\win64.o\librdi_ipservicestasks.dll
0x0000000062190000 - 0x000000006219f000 	C:\Xilinx\14.7\ISE_DS\PlanAhead\tps\win64\jre\bin\verify.dll
0x0000000062160000 - 0x0000000062188000 	C:\Xilinx\14.7\ISE_DS\PlanAhead\tps\win64\jre\bin\java.dll
0x0000000062140000 - 0x0000000062155000 	C:\Xilinx\14.7\ISE_DS\PlanAhead\tps\win64\jre\bin\zip.dll

VM Arguments:
jvm_args: -Dsun.java2d.pmoffscreen=false -Xverify:none -Dswing.aatext=true -XX:-UsePerfData -Djdk.map.althashing.threshold=512 -XX:PermSize=128m -XX:MaxPermSize=128m -XX:NewSize=60m -XX:MaxNewSize=60m -XX:+UseConcMarkSweepGC -XX:+UseParNewGC -XX:+CMSParallelRemarkEnabled -XX:+CMSScavengeBeforeRemark -XX:+UseNUMA -XX:+AggressiveOpts -XX:+UseFastAccessorMethods -XX:+UseFastEmptyMethods -XX:+UseBiasedLocking -XX:+TieredCompilation -Xms128m -Xmx2048m -Xss3m 
java_command: <unknown>
Launcher Type: generic

Environment Variables:
PATH=C:/Xilinx/14.7/ISE_DS/PlanAhead/bin;C:/Xilinx/14.7/ISE_DS/PlanAhead/lib/win64.o;C:/Xilinx/14.7/ISE_DS/PlanAhead/tps/win64/jre/bin/server;C:/Xilinx/14.7/ISE_DS/PlanAhead/tps/win64/jre/bin;C:/Xilinx/14.7/ISE_DS/EDK/bin/nt64;C:/Xilinx/14.7/ISE_DS/EDK/lib/nt64;C:/Xilinx/14.7/ISE_DS/ISE/bin/nt64;C:/Xilinx/14.7/ISE_DS/ISE/lib/nt64;C:/Xilinx/14.7/ISE_DS/common/bin/nt64;C:/Xilinx/14.7/ISE_DS/common/lib/nt64;C:\Xilinx\14.7\ISE_DS\ISE\\lib\nt64;C:\Xilinx\14.7\ISE_DS\ISE\\bin\nt64;C:\Xilinx\14.7\ISE_DS\ISE\bin\nt64;C:\Xilinx\14.7\ISE_DS\ISE\lib\nt64;C:\Xilinx\14.7\ISE_DS\ISE\..\..\..\DocNav;C:\Xilinx\14.7\ISE_DS\PlanAhead\bin;C:\Xilinx\14.7\ISE_DS\EDK\bin\nt64;C:\Xilinx\14.7\ISE_DS\EDK\lib\nt64;C:\Xilinx\14.7\ISE_DS\EDK\gnu\microblaze\nt\bin;C:\Xilinx\14.7\ISE_DS\EDK\gnu\powerpc-eabi\nt\bin;C:\Xilinx\14.7\ISE_DS\EDK\gnuwin\bin;C:\Xilinx\14.7\ISE_DS\EDK\gnu\arm\nt\bin;C:\Xilinx\14.7\ISE_DS\EDK\gnu\microblaze\linux_toolchain\nt64_be\bin;C:\Xilinx\14.7\ISE_DS\EDK\gnu\microblaze\linux_toolchain\nt64_le\bin;C:\Xilinx\14.7\ISE_DS\common\bin\nt64;C:\Xilinx\14.7\ISE_DS\common\lib\nt64;C:\Program Files (x86)\NVIDIA Corporation\PhysX\Common;C:\Windows\system32;C:\Windows;C:\Windows\System32\Wbem;C:\Windows\System32\WindowsPowerShell\v1.0\
USERNAME=Themaxaboy
OS=Windows_NT
PROCESSOR_IDENTIFIER=Intel64 Family 6 Model 58 Stepping 9, GenuineIntel



---------------  S Y S T E M  ---------------

OS: Windows 7 , 64 bit Build 7600 

CPU:total 4 (2 cores per cpu, 2 threads per core) family 6 model 58 stepping 9, cmov, cx8, fxsr, mmx, sse, sse2, sse3, ssse3, sse4.1, sse4.2, popcnt, avx, ht, tsc, tscinvbit, tscinv

Memory: 4k page, physical 8248712k(5144512k free), swap 9559432k(5384260k free)

vm_info: Java HotSpot(TM) 64-Bit Server VM (23.7-b01) for windows-amd64 JRE (1.7.0_17-b02), built on Mar  1 2013 03:38:30 by "java_re" with unknown MS VC++:1600

time: Sat Apr 26 00:22:48 2014
elapsed time: 13 seconds

